<?xml version="1.0" encoding="UTF-8"?>
<!-- Generated by org.testng.reporters.JUnitReportReporter -->
<testsuite skipped="0" hostname="ADS29" name="exe.HS_TS001_ConnCheck" tests="2" failures="0" timestamp="17 Jul 2017 05:51:19 GMT" time="1.107" errors="0">
  <testcase name="HS_DBConnCheck_TC001" time="0.799" classname="exe.HS_TS001_ConnCheck"/>
  <testcase name="HS_InputFileExistance_TC002" time="0.308" classname="exe.HS_TS001_ConnCheck"/>
</testsuite> <!-- exe.HS_TS001_ConnCheck -->
